This file contains any messages produced by compilers while
running configure, to aid debugging if configure makes a mistake.

It was created by configure, which was
generated by GNU Autoconf 2.52.  Invocation command line was

  $ ./configure --host=x86_64-unknown-linux-gnu

## ---------- ##
## Platform.  ##
## ---------- ##

hostname = debian
uname -m = x86_64
uname -r = 6.9.10+bpo-amd64
uname -s = Linux
uname -v = #1 SMP PREEMPT_DYNAMIC Debian 6.9.10-1~bpo12+1 (2024-07-26)

/usr/bin/uname -p = unknown
/bin/uname -X     = unknown

/bin/arch              = x86_64
/usr/bin/arch -k       = unknown
/usr/convex/getsysinfo = unknown
hostinfo               = unknown
/bin/machine           = unknown
/usr/bin/oslevel       = unknown
/bin/universe          = unknown

PATH = /opt/gkdpixel-toolchain/bin:/opt/gkdpixel-toolchain/usr/aarch64-gkdpixel-linux-gnu/sysroot/usr/bin:/home/ninoh-fox/.cargo/bin:/usr/local/bin:/usr/bin:/bin:/usr/local/games:/usr/games

## ------------ ##
## Core tests.  ##
## ------------ ##

configure:909: PATH=".;."; conftest.sh
./configure: 910: conftest.sh: not found
configure:912: $? = 127
configure:929: checking for x86_64-unknown-linux-gnu-gcc
configure:952: result: aarch64-gkdpixel-linux-gnu-gcc
configure:1215: checking for C compiler version
configure:1218: aarch64-gkdpixel-linux-gnu-gcc --version </dev/null >&5
aarch64-gkdpixel-linux-gnu-gcc.br_real (Buildroot 2025.02) 14.2.0
Copyright (C) 2024 Free Software Foundation, Inc.
This is free software; see the source for copying conditions.  There is NO
warranty; not even for MERCHANTABILITY or FITNESS FOR A PARTICULAR PURPOSE.

configure:1221: $? = 0
configure:1223: aarch64-gkdpixel-linux-gnu-gcc -v </dev/null >&5
Using built-in specs.
COLLECT_GCC=/opt/gkdpixel-toolchain/bin/aarch64-gkdpixel-linux-gnu-gcc.br_real
COLLECT_LTO_WRAPPER=/opt/gkdpixel-toolchain/libexec/gcc/aarch64-gkdpixel-linux-gnu/14.2.0/lto-wrapper
Target: aarch64-gkdpixel-linux-gnu
Configured with: ./configure --prefix=/opt/gkdpixel-toolchain --sysconfdir=/opt/gkdpixel-toolchain/etc --enable-static --target=aarch64-gkdpixel-linux-gnu --with-sysroot=/opt/gkdpixel-toolchain/aarch64-gkdpixel-linux-gnu/sysroot --enable-__cxa_atexit --with-gnu-ld --disable-libssp --disable-multilib --disable-decimal-float --enable-plugins --enable-lto --with-gmp=/opt/gkdpixel-toolchain --with-mpc=/opt/gkdpixel-toolchain --with-mpfr=/opt/gkdpixel-toolchain --with-pkgversion='Buildroot 2025.02' --with-bugurl=https://gitlab.com/buildroot.org/buildroot/-/issues --without-zstd --disable-libquadmath --disable-libquadmath-support --enable-tls --enable-threads --without-isl --without-cloog --with-abi=lp64 --with-cpu=cortex-a35 --enable-languages=c,c++ --with-build-time-tools=/opt/gkdpixel-toolchain/aarch64-gkdpixel-linux-gnu/bin --enable-shared --enable-libgomp
Thread model: posix
Supported LTO compression algorithms: zlib
gcc version 14.2.0 (Buildroot 2025.02) 
configure:1226: $? = 0
configure:1228: aarch64-gkdpixel-linux-gnu-gcc -V </dev/null >&5
aarch64-gkdpixel-linux-gnu-gcc.br_real: error: unrecognized command-line option '-V'
aarch64-gkdpixel-linux-gnu-gcc.br_real: fatal error: no input files
compilation terminated.
configure:1231: $? = 1
configure:1251: checking for C compiler default output
configure:1254: aarch64-gkdpixel-linux-gnu-gcc    conftest.c  >&5
configure:1257: $? = 0
configure:1286: result: a.out
configure:1291: checking whether the C compiler works
configure:1297: ./a.out
aarch64-binfmt-P: Could not open '/lib/ld-linux-aarch64.so.1': No such file or directory
configure:1300: $? = 255
configure:1315: result: yes
configure:1322: checking whether we are cross compiling
configure:1324: result: yes
configure:1327: checking for executable suffix
configure:1329: aarch64-gkdpixel-linux-gnu-gcc -o conftest    conftest.c  >&5
configure:1332: $? = 0
configure:1354: result: 
configure:1360: checking for object suffix
configure:1378: aarch64-gkdpixel-linux-gnu-gcc -c   conftest.c >&5
configure:1381: $? = 0
configure:1400: result: o
configure:1404: checking whether we are using the GNU C compiler
configure:1425: aarch64-gkdpixel-linux-gnu-gcc -c   conftest.c >&5
configure:1428: $? = 0
configure:1431: test -s conftest.o
configure:1434: $? = 0
configure:1446: result: yes
configure:1452: checking whether aarch64-gkdpixel-linux-gnu-gcc accepts -g
configure:1470: aarch64-gkdpixel-linux-gnu-gcc -c -g  conftest.c >&5
configure:1473: $? = 0
configure:1476: test -s conftest.o
configure:1479: $? = 0
configure:1489: result: yes
configure:1516: aarch64-gkdpixel-linux-gnu-gcc -c -g -O2  conftest.c >&5
conftest.c:2:3: error: unknown type name 'choke'
    2 |   choke me
      |   ^~~~~
conftest.c:2:3: error: expected '=', ',', ';', 'asm' or '__attribute__' at end of input
configure:1519: $? = 1
configure: failed program was:
#ifndef __cplusplus
  choke me
#endif
configure:1620: checking for x86_64-unknown-linux-gnu-ranlib
configure:1643: result: aarch64-gkdpixel-linux-gnu-ranlib
configure:1693: checking for ar
configure:1710: found /usr/bin/ar
configure:1722: result: /usr/bin/ar
configure:1737: checking for sf_open in -lsndfile
configure:1764: aarch64-gkdpixel-linux-gnu-gcc -o conftest -g -O2   conftest.c -lsndfile   >&5
configure:1767: $? = 0
configure:1770: test -s conftest
configure:1773: $? = 0
configure:1784: result: yes
configure:1796: checking for src_simple in -lsamplerate
configure:1823: aarch64-gkdpixel-linux-gnu-gcc -o conftest -g -O2   conftest.c -lsamplerate   >&5
/opt/gkdpixel-toolchain/lib/gcc/aarch64-gkdpixel-linux-gnu/14.2.0/../../../../aarch64-gkdpixel-linux-gnu/bin/ld: cannot find -lsamplerate: No such file or directory
collect2: error: ld returned 1 exit status
configure:1826: $? = 1
configure: failed program was:
#line 1804 "configure"
#include "confdefs.h"

/* Override any gcc2 internal prototype to avoid an error.  */
#ifdef __cplusplus
extern "C"
#endif
/* We use char because int might match the return type of a gcc2
   builtin and then its argument prototype would still apply.  */
char src_simple ();
int
main ()
{
src_simple ();
  ;
  return 0;
}
configure:1843: result: no
configure:1860: checking how to run the C preprocessor
configure:1886: aarch64-gkdpixel-linux-gnu-gcc -E  conftest.c
configure:1892: $? = 0
configure:1919: aarch64-gkdpixel-linux-gnu-gcc -E  conftest.c
configure:1916:10: fatal error: ac_nonexistent.h: No such file or directory
 1916 | #include "confdefs.h"
      |          ^~~~~~~~~~~~      
compilation terminated.
configure:1925: $? = 1
configure: failed program was:
#line 1915 "configure"
#include "confdefs.h"
#include <ac_nonexistent.h>
configure:1962: result: aarch64-gkdpixel-linux-gnu-gcc -E
configure:1977: aarch64-gkdpixel-linux-gnu-gcc -E  conftest.c
configure:1983: $? = 0
configure:2010: aarch64-gkdpixel-linux-gnu-gcc -E  conftest.c
configure:2007:10: fatal error: ac_nonexistent.h: No such file or directory
 2007 | #include "confdefs.h"
      |          ^~~~~~~~~~~~      
compilation terminated.
configure:2016: $? = 1
configure: failed program was:
#line 2006 "configure"
#include "confdefs.h"
#include <ac_nonexistent.h>
configure:2058: checking for inttypes.h
configure:2068: aarch64-gkdpixel-linux-gnu-gcc -E  conftest.c
configure:2074: $? = 0
configure:2093: result: yes
configure:2185: creating ./config.status

## ----------------------- ##
## Running config.status.  ##
## ----------------------- ##

This file was extended by config.status 2.52, executed with
  CONFIG_FILES    = 
  CONFIG_HEADERS  = 
  CONFIG_LINKS    = 
  CONFIG_COMMANDS = 
  > ./config.status 
on debian

config.status:2615: creating Makefile
config.status:2706: creating src/config.h
config.status:2847: src/config.h is unchanged

## ----------------- ##
## Cache variables.  ##
## ----------------- ##

ac_cv_c_compiler_gnu='yes'
ac_cv_env_CC_set='set'
ac_cv_env_CC_value='aarch64-gkdpixel-linux-gnu-gcc'
ac_cv_env_CFLAGS_set=''
ac_cv_env_CFLAGS_value=''
ac_cv_env_CPPFLAGS_set=''
ac_cv_env_CPPFLAGS_value=''
ac_cv_env_CPP_set=''
ac_cv_env_CPP_value=''
ac_cv_env_LDFLAGS_set=''
ac_cv_env_LDFLAGS_value=''
ac_cv_env_build_alias_set=''
ac_cv_env_build_alias_value=''
ac_cv_env_host_alias_set='set'
ac_cv_env_host_alias_value='x86_64-unknown-linux-gnu'
ac_cv_env_target_alias_set=''
ac_cv_env_target_alias_value=''
ac_cv_header_inttypes_h='yes'
ac_cv_lib_samplerate_src_simple='no'
ac_cv_lib_sndfile_sf_open='yes'
ac_cv_objext='o'
ac_cv_path_AR='/usr/bin/ar'
ac_cv_prog_CC='aarch64-gkdpixel-linux-gnu-gcc'
ac_cv_prog_CPP='aarch64-gkdpixel-linux-gnu-gcc -E'
ac_cv_prog_RANLIB='aarch64-gkdpixel-linux-gnu-ranlib'
ac_cv_prog_cc_g='yes'

## ------------ ##
## confdefs.h.  ##
## ------------ ##

#define HAVE_INTTYPES_H 1


configure: exit 0
